<?xml version="1.0" encoding="UTF-8"?>
<coverage generated="1498766697578" clover="3.2.0">
  <project timestamp="1498766697578" name="All files">
    <metrics statements="14" coveredstatements="14" conditionals="5" coveredconditionals="5" methods="4" coveredmethods="4" elements="23" coveredelements="23" complexity="0" loc="14" ncloc="14" packages="2" files="2" classes="2">
      <package name="setup">
        <metrics statements="1" coveredstatements="1" conditionals="0" coveredconditionals="0" methods="0" coveredmethods="0"/>
        <file name="test.setup.js" path="/Users/pc/Soft/ReactNativeAbHoc/setup/test.setup.js">
          <metrics statements="1" coveredstatements="1" conditionals="0" coveredconditionals="0" methods="0" coveredmethods="0"/>
          <line num="2" count="1" type="stmt"/>
        </file>
      </package>
      <package name="src">
        <metrics statements="13" coveredstatements="13" conditionals="5" coveredconditionals="5" methods="4" coveredmethods="4"/>
        <file name="reactNativeAbHoc.js" path="/Users/pc/Soft/ReactNativeAbHoc/src/reactNativeAbHoc.js">
          <metrics statements="13" coveredstatements="13" conditionals="5" coveredconditionals="5" methods="4" coveredmethods="4"/>
          <line num="3" count="1" type="stmt"/>
          <line num="4" count="5" type="stmt"/>
          <line num="7" count="6" type="cond" truecount="1" falsecount="0"/>
          <line num="8" count="6" type="stmt"/>
          <line num="9" count="6" type="cond" truecount="2" falsecount="0"/>
          <line num="10" count="3" type="stmt"/>
          <line num="11" count="2" type="cond" truecount="2" falsecount="0"/>
          <line num="12" count="1" type="stmt"/>
          <line num="14" count="1" type="stmt"/>
          <line num="16" count="4" type="stmt"/>
          <line num="17" count="4" type="stmt"/>
          <line num="18" count="4" type="stmt"/>
          <line num="19" count="4" type="stmt"/>
        </file>
      </package>
    </metrics>
  </project>
</coverage>
