{"/Users/pc/Soft/ReactNativeAbHoc/setup/test.setup.js": {"path":"/Users/pc/Soft/ReactNativeAbHoc/setup/test.setup.js","statementMap":{"0":{"start":{"line":2,"column":0},"end":{"line":2,"column":34}}},"fnMap":{},"branchMap":{},"s":{"0":1},"f":{},"b":{},"_coverageSchema":"332fd63041d2c1bcb487cc26dd0d5f7d97098a6c","hash":"777939fffcf45713ca3e73cf7b4ec48b5429c6be"}
,"/Users/pc/Soft/ReactNativeAbHoc/src/reactNativeAbHoc.js": {"path":"/Users/pc/Soft/ReactNativeAbHoc/src/reactNativeAbHoc.js","statementMap":{"0":{"start":{"line":3,"column":36},"end":{"line":5,"column":1}},"1":{"start":{"line":4,"column":2},"end":{"line":4,"column":34}},"2":{"start":{"line":7,"column":25},"end":{"line":20,"column":1}},"3":{"start":{"line":7,"column":54},"end":{"line":20,"column":1}},"4":{"start":{"line":8,"column":21},"end":{"line":8,"column":26}},"5":{"start":{"line":9,"column":2},"end":{"line":15,"column":3}},"6":{"start":{"line":10,"column":20},"end":{"line":10,"column":60}},"7":{"start":{"line":10,"column":39},"end":{"line":10,"column":59}},"8":{"start":{"line":11,"column":4},"end":{"line":13,"column":5}},"9":{"start":{"line":12,"column":6},"end":{"line":12,"column":110}},"10":{"start":{"line":14,"column":4},"end":{"line":14,"column":55}},"11":{"start":{"line":16,"column":17},"end":{"line":16,"column":54}},"12":{"start":{"line":17,"column":16},"end":{"line":17,"column":38}},"13":{"start":{"line":18,"column":18},"end":{"line":18,"column":33}},"14":{"start":{"line":19,"column":2},"end":{"line":19,"column":53}}},"fnMap":{"0":{"name":"(anonymous_0)","decl":{"start":{"line":3,"column":36},"end":{"line":3,"column":37}},"loc":{"start":{"line":4,"column":2},"end":{"line":4,"column":34}},"line":4},"1":{"name":"(anonymous_1)","decl":{"start":{"line":7,"column":25},"end":{"line":7,"column":26}},"loc":{"start":{"line":7,"column":54},"end":{"line":20,"column":1}},"line":7},"2":{"name":"(anonymous_2)","decl":{"start":{"line":7,"column":54},"end":{"line":7,"column":55}},"loc":{"start":{"line":7,"column":84},"end":{"line":20,"column":1}},"line":7},"3":{"name":"(anonymous_3)","decl":{"start":{"line":10,"column":34},"end":{"line":10,"column":35}},"loc":{"start":{"line":10,"column":39},"end":{"line":10,"column":59}},"line":10}},"branchMap":{"0":{"loc":{"start":{"line":7,"column":55},"end":{"line":7,"column":79}},"type":"default-arg","locations":[{"start":{"line":7,"column":63},"end":{"line":7,"column":79}}],"line":7},"1":{"loc":{"start":{"line":9,"column":2},"end":{"line":15,"column":3}},"type":"if","locations":[{"start":{"line":9,"column":2},"end":{"line":15,"column":3}},{"start":{"line":9,"column":2},"end":{"line":15,"column":3}}],"line":9},"2":{"loc":{"start":{"line":11,"column":4},"end":{"line":13,"column":5}},"type":"if","locations":[{"start":{"line":11,"column":4},"end":{"line":13,"column":5}},{"start":{"line":11,"column":4},"end":{"line":13,"column":5}}],"line":11}},"s":{"0":1,"1":5,"2":1,"3":6,"4":6,"5":6,"6":2,"7":3,"8":2,"9":1,"10":1,"11":4,"12":4,"13":4,"14":4},"f":{"0":5,"1":6,"2":6,"3":3},"b":{"0":[4],"1":[2,4],"2":[1,1]},"_coverageSchema":"332fd63041d2c1bcb487cc26dd0d5f7d97098a6c","hash":"5b893c6fb21f3623e0eac79c57730c7d85de1769"}
}
