TN:
SF:/Users/pc/Soft/ReactNativeAbHoc/setup/test.setup.js
FNF:0
FNH:0
DA:2,1
LF:1
LH:1
BRF:0
BRH:0
end_of_record
TN:
SF:/Users/pc/Soft/ReactNativeAbHoc/src/reactNativeAbHoc.js
FN:3,(anonymous_0)
FN:7,(anonymous_1)
FN:7,(anonymous_2)
FN:10,(anonymous_3)
FNF:4
FNH:4
FNDA:5,(anonymous_0)
FNDA:6,(anonymous_1)
FNDA:6,(anonymous_2)
FNDA:3,(anonymous_3)
DA:3,1
DA:4,5
DA:7,6
DA:8,6
DA:9,6
DA:10,3
DA:11,2
DA:12,1
DA:14,1
DA:16,4
DA:17,4
DA:18,4
DA:19,4
LF:13
LH:13
BRDA:7,0,0,4
BRDA:9,1,0,2
BRDA:9,1,1,4
BRDA:11,2,0,1
BRDA:11,2,1,1
BRF:5
BRH:5
end_of_record
